Построение начато 08.12.2016 23:43:33.
     1>Проект "F:\Универ\ООП\Лабы\3\Memories_from_a_Distant_Past\Memories from a Distant Past\Memories from a Distant Past.vcxproj" в узле 2 (целевые объекты build).
     1>InitializeBuildStatus:
         Создание "Debug\Memories from a Distant Past.unsuccessfulbuild", так как было задано "AlwaysCreate".
       ClCompile:
         Для всех выходных данных обновления не требуется.
         C:\Program Files (x86)\Microsoft Visual Studio 10.0\VC\bin\CL.exe /c /ZI /nologo /W3 /WX- /Od /Oy- /D WIN32 /D _DEBUG /D _CONSOLE /D _UNICODE /D UNICODE /Gm /EHsc /RTC1 /MDd /GS /fp:precise /Zc:wchar_t /Zc:forScope /Yu"StdAfx.h" /Fp"Debug\Memories from a Distant Past.pch" /Fo"Debug\\" /Fd"Debug\vc100.pdb" /Gd /TP /analyze- /errorReport:prompt "Memories from a Distant Past.cpp"
         Memories from a Distant Past.cpp
       ManifestResourceCompile:
         Для всех выходных данных обновления не требуется.
       Link:
         C:\Program Files (x86)\Microsoft Visual Studio 10.0\VC\bin\link.exe /ERRORREPORT:PROMPT /OUT:"F:\Универ\ООП\Лабы\3\Memories_from_a_Distant_Past\Memories from a Distant Past\Debug\Memories from a Distant Past.exe" /INCREMENTAL /NOLOGO kernel32.lib user32.lib gdi32.lib winspool.lib comdlg32.lib advapi32.lib shell32.lib ole32.lib oleaut32.lib uuid.lib odbc32.lib odbccp32.lib /MANIFEST /ManifestFile:"Debug\Memories from a Distant Past.exe.intermediate.manifest" /MANIFESTUAC:"level='asInvoker' uiAccess='false'" /DEBUG /PDB:"F:\Универ\ООП\Лабы\3\Memories_from_a_Distant_Past\Memories from a Distant Past\Debug\Memories from a Distant Past.pdb" /SUBSYSTEM:CONSOLE /TLBID:1 /DYNAMICBASE /NXCOMPAT /IMPLIB:"F:\Универ\ООП\Лабы\3\Memories_from_a_Distant_Past\Memories from a Distant Past\Debug\Memories from a Distant Past.lib" /MACHINE:X86 "Debug\Memories from a Distant Past.exe.embed.manifest.res"
         Debug\FStadium.obj
         "Debug\Memories from a Distant Past.obj"
         Debug\PStadium.obj
         Debug\RStadium.obj
         Debug\Stadium.obj
         Debug\stdafx.obj
       Manifest:
         C:\Program Files (x86)\Microsoft SDKs\Windows\v7.0A\bin\mt.exe /nologo /verbose /out:"Debug\Memories from a Distant Past.exe.embed.manifest" /manifest "Debug\Memories from a Distant Past.exe.intermediate.manifest"
         Для всех выходных данных обновления не требуется.
       LinkEmbedManifest:
         Для всех выходных данных обновления не требуется.
         Memories from a Distant Past.vcxproj -> F:\Универ\ООП\Лабы\3\Memories_from_a_Distant_Past\Memories from a Distant Past\Debug\Memories from a Distant Past.exe
       FinalizeBuildStatus:
         Файл "Debug\Memories from a Distant Past.unsuccessfulbuild" удаляется.
         Обращение к "Debug\Memories from a Distant Past.lastbuildstate".
     1>Построение проекта "F:\Универ\ООП\Лабы\3\Memories_from_a_Distant_Past\Memories from a Distant Past\Memories from a Distant Past.vcxproj" завершено (целевые объекты build).

Построение успешно завершено.

Затраченное время: 00:00:01.68
