Op1, Op2, Op1 : 39.1 +(-12.7)
-> 26.4Op1, Op2, Op3, Op4, Op3 : (-4.5) *2 *3 *(-10)
-> 270Op1, Op2, Op3, Op4, Op5, Op6, Op5 : 5 - 16/1 + (-3)/2 - 10/3 + 14
->  (-6.43333)Op1, Op2, Op1 : 39.1 +(-12.7)
-> 26.4
Op1, Op2, Op3, Op4, Op3 : (-4.5) *2 *3 *(-10)
-> 270
Op1, Op2, Op3, Op4, Op5, Op6, Op5 : 5 - 16/1 + (-3)/2 - 10/3 + 14
->  (-6.43333)Op1, Op2, Op1 : 39.1 +(-12.7)
-> 26.4
Op1, Op2, Op3, Op4, Op3 : (-4.5) *2 *3 *(-10)
-> 270
Op1, Op2, Op3, Op4, Op5, Op6, Op5 : 5 - 16/1 + (-3)/2 - 10/3 + 14
->  (-6.43333)
Op1, Op2, Op1 : 39.1 +(-12.7)
-> 26.4
Op1, Op2, Op3, Op4, Op3 : (-4.5) *2 *3 *(-10)
-> 270
Op1, Op2, Op3, Op4, Op5, Op6, Op5 : 5 - 16/1 + (-3)/2 - 10/3 + 14
->  (-6.43333)
Op1, Op2, Op1 : 39.1 +(-12.7)
-> 26.4
Op1, Op2, Op3, Op4, Op3 : (-4.5) *2 *3 *(-10)
-> 270
Op1, Op2, Op3, Op4, Op5, Op6, Op5 : 5 - 16/1 + (-3)/2 - 10/3 + 14
->  (-6.43333)
Op1, Op2, Op1 : 39.1 +(-12.7)
-> 26.4
Op1, Op2, Op3, Op4, Op3 : (-4.5) *2 *3 *(-10)
-> 270
Op1, Op2, Op3, Op4, Op5, Op6, Op5 : 5 - 16/1 + (-3)/2 - 10/3 + 14
->  (-6.43333)
Op1, Op2, Op1 : 39.1 +(-12.7)
-> 26.4
Op1, Op2, Op3, Op4, Op3 : (-4.5) *2 *3 *(-10)
-> 270
Op1, Op2, Op3, Op4, Op5, Op6, Op5 : 5 - 16/1 + (-3)/2 - 10/3 + 14
->  (-6.43333)
Op1, Op2, Op1 : 39.1 +(-12.7)
-> 26.4
Op1, Op2, Op3, Op4, Op3 : (-4.5) *2 *3 *(-10)
-> 270
Op1, Op2, Op3, Op4, Op5, Op6, Op5 : 5 - 16/1 + (-3)/2 - 10/3 + 14
->  (-6.43333)
Op1, Op2, Op1 : 39.1 +(-12.7)
-> 26.4
Op1, Op2, Op3, Op4, Op3 : (-4.5) *2 *3 *(-10)
-> 270
Op1, Op2, Op3, Op4, Op5, Op6, Op5 : 5 - 16/1 + (-3)/2 - 10/3 + 14
->  (-6.43333)
Op1, Op2, Op1 : 39.1 +(-12.7)
-> 26.4
Op1, Op2, Op3, Op4, Op3 : (-4.5) *2 *3 *(-10)
-> 270
Op1, Op2, Op3, Op4, Op5, Op6, Op5 : 5 - 16/1 + (-3)/2 - 10/3 + 14
->  (-6.43333)
Op1, Op2, Op1 : 39.1 +(-12.7)
-> 26.4
Op1, Op2, Op3, Op4, Op3 : (-4.5) *2 *3 *(-10)
-> 270
Op1, Op2, Op3, Op4, Op5, Op6, Op5 : 5 - 16/1 + (-3)/2 - 10/3 + 14
->  (-6.43333)
Op1, Op2, Op2 : 39.1 +(-12.7)
-> 26.4
Op1, Op2, Op3, Op4, Op4 : (-4.5) *2 *3 *(-10)
-> 270
Op1, Op2, Op3, Op4, Op5, Op6, Op5 : 5 - 16/1 + (-3)/2 - 10/3 + 14
->  (-6.43333)
Op1, Op2, Op2 : 39.1 +(-12.7)
-> 26.4
Op1, Op2, Op3, Op4, Op4 : (-4.5) *2 *3 *(-10)
-> 270
Op1, Op2, Op3, Op4, Op5, Op6, Op5 : 5 - 16/1 + (-3)/2 - 10/3 + 14
->  (-6.43333)
Op1, Op2, Op2 : 39.1 +(-12.7)
-> 26.4
Op1, Op2, Op3, Op4, Op4 : (-4.5) *2 *3 *(-10)
-> 270
Op1, Op2, Op3, Op4, Op5, Op6, Op5 : 5 - 16/1 + (-3)/2 - 10/3 + 12/4 - 14
->  (-6.43333)
Op1, Op2, Op2 : 39.1 +(-12.7)
-> 26.4
Op1, Op2, Op3, Op4, Op4 : (-4.5) *2 *3 *(-10)
-> 270
Op1, Op2, Op3, Op4, Op5, Op6, Op5 : 5 - 16/1 + (-3)/2 - 10/3 + 12/4 - 14
->  (-6.43333)
Op1, Op2, Op2 : 39.1 +(-12.7)
-> 26.4
Op1, Op2, Op3, Op4, Op4 : (-4.5) *2 *3 *(-10)
-> 270
Op1, Op2, Op3, Op4, Op5, Op6, Op5 : 5 - 16/1 + (-3)/2 - 10/3 + 12/4 - 14
->  (-6.43333)
Op1, Op2, Op2 : 39.1 +(-12.7)
-> 26.4
Op1, Op2, Op3, Op4, Op4 : (-4.5) *2 *3 *(-10)
-> 270
Op1, Op2, Op3, Op4, Op5, Op6, Op5 : 5 - 16/1 + (-3)/2 - 10/3 + 12/4 - 14
->  (-6.43333)
Op1, Op2, Op2 : 39.1 +(-12.7)
-> 26.4
Op1, Op2, Op3, Op4, Op4 : (-4.5) *2 *3 *(-10)
-> 270
Op1, Op2, Op3, Op4, Op5, Op6, Op5 : 5 - 16/1 + (-3)/2 - 10/3 + 12/4 - 14
->  (-6.43333)
Op1, Op2, Op2 : 39.1 +(-12.7)
-> 26.4
Op1, Op2, Op3, Op4, Op4 : (-4.5) *2 *3 *(-10)
-> 270
Op1, Op2, Op3, Op4, Op5, Op6, Op5 : 5 - 16/1 + (-3)/2 - 10/3 + 12/4 - 14
->  (-6.43333)
Op1, Op2, Op2 : 39.1 +(-12.7)
-> 26.4
Op1, Op2, Op3, Op4, Op4 : (-4.5) *2 *3 *(-10)
-> 270
Op1, Op2, Op3, Op4, Op5, Op6, Op5 : 5 - 16/1 + (-3)/2 - 10/3 + 12/4 - 14
->  (-6.43333)
Op1, Op2, Op2 : 39.1 +(-12.7)
-> 26.4
Op1, Op2, Op3, Op4, Op4 : (-4.5) *2 *3 *(-10)
-> 270
Op1, Op2, Op3, Op4, Op5, Op6, Op5 : 5 - 16/1 + (-3)/2 - 10/3 + 12/4 - 14
->  (-6.43333)
Op1, Op2, Op2 : 39.1 +(-12.7)
-> 26.4
Op1, Op2, Op3, Op4, Op4 : (-4.5) *2 *3 *(-10)
-> 270
Op1, Op2, Op3, Op4, Op5, Op6, Op5 : 5 - 16/1 + (-3)/2 - 10/3 + 12/4 - 14
->  (-6.43333)
Op1, Op2, Op2 : 39.1 +(-12.7)
-> 26.4
Op1, Op2, Op3, Op4, Op4 : (-4.5) *2 *3 *(-10)
-> 270
Op1, Op2, Op3, Op4, Op5, Op6, Op5 : 5 - 16/1 + (-3)/2 - 10/3 + 12/4 - 14
->  (-6.43333)
Op1, Op2, Op2 : 39.1 +(-12.7)
-> 26.4
Op1, Op2, Op3, Op4, Op4 : (-4.5) *2 *3 *(-10)
-> 270
Op1, Op2, Op3, Op4, Op5, Op6, Op5 : 5 - 16/1 + (-3)/2 - 10/3 + 12/4 - 14
->  (-6.43333)
Op1, Op2, Op2 : 39.1 +(-12.7)
-> 26.4
Op1, Op2, Op3, Op4, Op4 : (-4.5) *2 *3 *(-10)
-> 270
Op1, Op2, Op3, Op4, Op5, Op6, Op5 : 5 - 16/1 + (-3)/2 - 10/3 + 12/4 - 14
->  (-6.43333)
Op1, Op2, Op2 : 39.1 +(-12.7)
-> 26.4
Op1, Op2, Op3, Op4, Op4 : (-4.5) *2 *3 *(-10)
-> 270
Op1, Op2, Op3, Op4, Op5, Op6, Op5 : 5 - 16/1 + (-3)/2 - 10/3 + 12/4 - 14
->  (-6.43333)
Op1, Op2, Op2 : 39.1 +(-12.7)
-> 26.4
Op1, Op2, Op3, Op4, Op4 : (-4.5) *2 *3 *(-10)
-> 270
Op1, Op2, Op3, Op4, Op5, Op6, Op5 : 5 - 16/1 + (-3)/2 - 10/3 + 12/4 - 14
->  (-6.43333)
Op1, Op2, Op2 : 39.1 +(-12.7)
-> 26.4
Op1, Op2, Op3, Op4, Op4 : (-4.5) *2 *3 *(-10)
-> 270
Op1, Op2, Op3, Op4, Op5, Op6, Op5 : 5 - 16/1 + (-3)/2 - 10/3 + 12/4 - 14
->  (-6.43333)
Op1, Op2, Op2 : 39.1 +(-12.7)
-> 26.4
Op1, Op2, Op3, Op4, Op4 : (-4.5) *2 *3 *(-10)
-> 270
Op1, Op2, Op3, Op4, Op5, Op6, Op5 : 5 - 16/1 + (-3)/2 - 10/3 + 12/4 - 14
->  (-6.43333)
Op1, Op2, Op2 : 39.1 +(-12.7)
-> 26.4
Op1, Op2, Op3, Op4, Op4 : (-4.5) *2 *3 *(-10)
-> 270
Op1, Op2, Op3, Op4, Op5, Op6, Op5 : 5 - 16/1 + (-3)/2 - 10/3 + 12/4 - 14
->  (-6.43333)
Op1, Op2, Op2 : 39.1 +(-12.7)
-> 26.4
Op1, Op2, Op3, Op4, Op4 : (-4.5) *2 *3 *(-10)
-> 270
Op1, Op2, Op3, Op4, Op5, Op6, Op5 : 5 - 16/1 + (-3)/2 - 10/3 + 12/4 - 14
->  (-6.43333)
Op1, Op2, Op2 : 39.1 +(-12.7)
-> 26.4
Op1, Op2, Op3, Op4, Op4 : (-4.5) *2 *3 *(-10)
-> 270
Op1, Op2, Op3, Op4, Op5, Op6, Op5 : 5 - 16/1 + (-3)/2 - 10/3 + 12/4 - 14
->  (-6.43333)
Op1, Op2, Op2 : 39.1 +(-12.7)
-> 26.4
Op1, Op2, Op3, Op4, Op4 : (-4.5) *2 *3 *(-10)
-> 270
Op1, Op2, Op3, Op4, Op5, Op6, Op5 : 5 - 16/1 + (-3)/2 - 10/3 + 12/4 - 14
->  (-6.43333)
Op1, Op2, Op2 : 39.1 +(-12.7)
-> 26.4
Op1, Op2, Op3, Op4, Op4 : (-4.5) *2 *3 *(-10)
-> 270
Op1, Op2, Op3, Op4, Op5, Op6, Op5 : 5 - 16/1 + (-3)/2 - 10/3 + 12/4 - 14
->  (-6.43333)
