Op1, Op2, Op3, Op4, Op3 : (-4.5) *2 *3 *(-10)
-> 270
Op1, Op2, Op3, Op4, Op5, Op6, Op5 : 5 - 16/1 + (-3)/2 - 10/3 + 14
->  (-6.43333)
Op1, Op2, Op3, Op4, Op3 : (-4.5) *2 *3 *(-10)
-> 270
Op1, Op2, Op3, Op4, Op5, Op6, Op5 : 5 - 16/1 + (-3)/2 - 10/3 + 14
->  (-6.43333)
Op1, Op2, Op3, Op4, Op3 : (-4.5) *2 *3 *(-10)
-> 270
Op1, Op2, Op3, Op4, Op5, Op6, Op5 : 5 - 16/1 + (-3)/2 - 10/3 + 14
->  (-6.43333)
Op1, Op2, Op3, Op4, Op3 : (-4.5) *2 *3 *(-10)
-> 270
Op1, Op2, Op3, Op4, Op5, Op6, Op5 : 5 - 16/1 + (-3)/2 - 10/3 + 14
->  (-6.43333)
Op1, Op2, Op3, Op4, Op3 : (-4.5) *2 *3 *(-10)
-> 270
Op1, Op2, Op3, Op4, Op5, Op6, Op5 : 5 - 16/1 + (-3)/2 - 10/3 + 14
->  (-6.43333)
Op1, Op2, Op3, Op4, Op3 : (-4.5) *2 *3 *(-10)
-> 270
Op1, Op2, Op3, Op4, Op5, Op6, Op5 : 5 - 16/1 + (-3)/2 - 10/3 + 14
->  (-6.43333)
Op1, Op2, Op3, Op4, Op3 : (-4.5) *2 *3 *(-10)
-> 270
Op1, Op2, Op3, Op4, Op5, Op6, Op5 : 5 - 16/1 + (-3)/2 - 10/3 + 14
->  (-6.43333)
Op1, Op2, Op3, Op4, Op3 : (-4.5) *2 *3 *(-10)
-> 270
Op1, Op2, Op3, Op4, Op5, Op6, Op5 : 5 - 16/1 + (-3)/2 - 10/3 + 14
->  (-6.43333)
Op1, Op2, Op3, Op4, Op4 : (-4.5) *2 *3 *(-10)
-> 270
Op1, Op2, Op3, Op4, Op5, Op6, Op5 : 5 - 16/1 + (-3)/2 - 10/3 + 14
->  (-6.43333)
Op1, Op2, Op3, Op4, Op4 : (-4.5) *2 *3 *(-10)
-> 270
Op1, Op2, Op3, Op4, Op5, Op6, Op5 : 5 - 16/1 + (-3)/2 - 10/3 + 14
->  (-6.43333)
Op1, Op2, Op3, Op4, Op4 : (-4.5) *2 *3 *(-10)
-> 270
Op1, Op2, Op3, Op4, Op5, Op6, Op5 : 5 - 16/1 + (-3)/2 - 10/3 + 12/4 - 14
->  (-6.43333)
Op1, Op2, Op3, Op4, Op4 : (-4.5) *2 *3 *(-10)
-> 270
Op1, Op2, Op3, Op4, Op5, Op6, Op5 : 5 - 16/1 + (-3)/2 - 10/3 + 12/4 - 14
->  (-6.43333)
Op1, Op2, Op3, Op4, Op4 : (-4.5) *2 *3 *(-10)
-> 270
Op1, Op2, Op3, Op4, Op5, Op6, Op5 : 5 - 16/1 + (-3)/2 - 10/3 + 12/4 - 14
->  (-6.43333)
Op1, Op2, Op3, Op4, Op4 : (-4.5) *2 *3 *(-10)
-> 270
Op1, Op2, Op3, Op4, Op5, Op6, Op5 : 5 - 16/1 + (-3)/2 - 10/3 + 12/4 - 14
->  (-6.43333)
Op1, Op2, Op3, Op4, Op4 : (-4.5) *2 *3 *(-10)
-> 270
Op1, Op2, Op3, Op4, Op5, Op6, Op5 : 5 - 16/1 + (-3)/2 - 10/3 + 12/4 - 14
->  (-6.43333)
Op1, Op2, Op3, Op4, Op4 : (-4.5) *2 *3 *(-10)
-> 270
Op1, Op2, Op3, Op4, Op5, Op6, Op5 : 5 - 16/1 + (-3)/2 - 10/3 + 12/4 - 14
->  (-6.43333)
Op1, Op2, Op3, Op4, Op4 : (-4.5) *2 *3 *(-10)
-> 270
Op1, Op2, Op3, Op4, Op5, Op6, Op5 : 5 - 16/1 + (-3)/2 - 10/3 + 12/4 - 14
->  (-6.43333)
Op1, Op2, Op3, Op4, Op4 : (-4.5) *2 *3 *(-10)
-> 270
Op1, Op2, Op3, Op4, Op5, Op6, Op5 : 5 - 16/1 + (-3)/2 - 10/3 + 12/4 - 14
->  (-6.43333)
Op1, Op2, Op3, Op4, Op4 : (-4.5) *2 *3 *(-10)
-> 270
Op1, Op2, Op3, Op4, Op5, Op6, Op5 : 5 - 16/1 + (-3)/2 - 10/3 + 12/4 - 14
->  (-6.43333)
Op1, Op2, Op3, Op4, Op4 : (-4.5) *2 *3 *(-10)
-> 270
Op1, Op2, Op3, Op4, Op5, Op6, Op5 : 5 - 16/1 + (-3)/2 - 10/3 + 12/4 - 14
->  (-6.43333)
Op1, Op2, Op3, Op4, Op4 : (-4.5) *2 *3 *(-10)
-> 270
Op1, Op2, Op3, Op4, Op5, Op6, Op5 : 5 - 16/1 + (-3)/2 - 10/3 + 12/4 - 14
->  (-6.43333)
Op1, Op2, Op3, Op4, Op4 : (-4.5) *2 *3 *(-10)
-> 270
Op1, Op2, Op3, Op4, Op5, Op6, Op5 : 5 - 16/1 + (-3)/2 - 10/3 + 12/4 - 14
->  (-6.43333)
Op1, Op2, Op3, Op4, Op4 : (-4.5) *2 *3 *(-10)
-> 270
Op1, Op2, Op3, Op4, Op5, Op6, Op5 : 5 - 16/1 + (-3)/2 - 10/3 + 12/4 - 14
->  (-6.43333)
Op1, Op2, Op3, Op4, Op4 : (-4.5) *2 *3 *(-10)
-> 270
Op1, Op2, Op3, Op4, Op5, Op6, Op5 : 5 - 16/1 + (-3)/2 - 10/3 + 12/4 - 14
->  (-6.43333)
Op1, Op2, Op3, Op4, Op4 : (-4.5) *2 *3 *(-10)
-> 270
Op1, Op2, Op3, Op4, Op5, Op6, Op5 : 5 - 16/1 + (-3)/2 - 10/3 + 12/4 - 14
->  (-6.43333)
Op1, Op2, Op3, Op4, Op4 : (-4.5) *2 *3 *(-10)
-> 270
Op1, Op2, Op3, Op4, Op4 : (-4.5) *2 *3 *(-10)
-> 270
Op1, Op2, Op3, Op4, Op5, Op6, Op5 : 16 - 12/1 + (-3)/2 - 10/3 + 5/4 - 14
->  5.16667
Op1, Op2, Op3, Op4, Op4 : (-4.5) *2 *3 *(-10)
-> 270
Op1, Op2, Op3, Op4, Op5, Op6, Op5 : 16 - 14/1 + (-3)/2 - 12/3 + 10/4 - 5
->  6.16667
Op1, Op2, Op3, Op4, Op4 : (-4.5) *2 *3 *(-10)
-> 270
Op1, Op2, Op3, Op4, Op5, Op6, Op5 : 16 - 14/1 + (-3)/2 - 12/3 + 10/4 - 5
->  6.16667
Op1, Op2, Op3, Op4, Op4 : (-4.5) *2 *3 *(-10)
-> 270
Op1, Op2, Op3, Op4, Op5, Op6, Op5 : 16 - 14/1 + (-3)/2 - 12/3 + 10/4 - 5
->  6.16667
